# JRE version: Java(TM) SE Runtime Environment (21.0.1+12) (build 21.0.1+12-LTS-29)
# Java VM: Java HotSpot(TM) 64-Bit Server VM (21.0.1+12-LTS-29, mixed mode, sharing, tiered, compressed oops, compressed class ptrs, g1 gc, windows-amd64)
GC Precious Log:
 CardTable entry size: 512
 Card Set container configuration: InlinePtr #cards 4 size 8 Array Of Cards #cards 16 size 48 Howl #buckets 8 coarsen threshold 3686 Howl Bitmap #cards 512 size 80 coarsen threshold 460 Card regions per heap region 1 cards per card region 4096
 CPUs: 16 total, 16 available
 Memory: 15693M
 Large Page Support: Disabled
 NUMA Support: Disabled
 Compressed Oops: Enabled (Zero based)
 Heap Region Size: 2M
 Heap Min Capacity: 8M
 Heap Initial Capacity: 246M
 Heap Max Capacity: 3924M
 Pre-touch: Disabled
 Parallel Workers: 13
 Concurrent Workers: 3
 Concurrent Refinement Workers: 13
 Periodic GC: Disabled
Heap:
 garbage-first heap   total 251904K, used 145878K [0x000000070ac00000, 0x0000000800000000)
  region size 2048K, 73 young (149504K), 3 survivors (6144K)
 Metaspace       used 2260K, committed 2368K, reserved 1114112K
  class space    used 196K, committed 256K, reserved 1048576K
GC Heap History (6 events):
Event: 0.675 GC heap before
{Heap before GC invocations=0 (full 0):
 garbage-first heap   total 251904K, used 22528K [0x000000070ac00000, 0x0000000800000000)
  region size 2048K, 11 young (22528K), 0 survivors (0K)
 Metaspace       used 1574K, committed 1728K, reserved 1114112K
  class space    used 107K, committed 192K, reserved 1048576K
}
Event: 0.678 GC heap after
{Heap after GC invocations=1 (full 0):
 garbage-first heap   total 251904K, used 1515K [0x000000070ac00000, 0x0000000800000000)
  region size 2048K, 1 young (2048K), 1 survivors (2048K)
 Metaspace       used 1574K, committed 1728K, reserved 1114112K
  class space    used 107K, committed 192K, reserved 1048576K
}
Event: 4.152 GC heap before
{Heap before GC invocations=1 (full 0):
 garbage-first heap   total 251904K, used 42475K [0x000000070ac00000, 0x0000000800000000)
  region size 2048K, 21 young (43008K), 1 survivors (2048K)
 Metaspace       used 2236K, committed 2368K, reserved 1114112K
  class space    used 196K, committed 256K, reserved 1048576K
}
Event: 4.157 GC heap after
{Heap after GC invocations=2 (full 0):
 garbage-first heap   total 251904K, used 3214K [0x000000070ac00000, 0x0000000800000000)
  region size 2048K, 2 young (4096K), 2 survivors (4096K)
 Metaspace       used 2236K, committed 2368K, reserved 1114112K
  class space    used 196K, committed 256K, reserved 1048576K
}
Event: 7.706 GC heap before
{Heap before GC invocations=2 (full 0):
 garbage-first heap   total 251904K, used 85134K [0x000000070ac00000, 0x0000000800000000)
  region size 2048K, 42 young (86016K), 2 survivors (4096K)
 Metaspace       used 2260K, committed 2368K, reserved 1114112K
  class space    used 196K, committed 256K, reserved 1048576K
}
Event: 7.714 GC heap after
{Heap after GC invocations=3 (full 0):
 garbage-first heap   total 251904K, used 4566K [0x000000070ac00000, 0x0000000800000000)
  region size 2048K, 3 young (6144K), 3 survivors (6144K)
 Metaspace       used 2260K, committed 2368K, reserved 1114112K
  class space    used 196K, committed 256K, reserved 1048576K
}

